osmose[info] - *********************************
osmose[info] - Osmose model - Copyright 2013 IRD
osmose[info] - *********************************
osmose[info] - Osmose version Osmose 3 Update 3 Release 3 (2018/11/28)
osmose[info] - Running configuration /home/nbarrier/Modeles/osmose/git-applis/emibios_testcase/master/clean_conf/osm_all-parameters.csv
osmose[info] - Loading parameters from file /home/nbarrier/Modeles/osmose/git-applis/emibios_testcase/master/clean_conf/osm_all-parameters.csv
osmose[info] -   Loading parameters from file /home/nbarrier/Modeles/osmose/git-applis/emibios_testcase/master/clean_conf/CHECKED/osm_param-output.csv
osmose[warning] - Parameter output.diet.stage.threshold.sp10 has already been defined in file /home/nbarrier/Modeles/osmose/git-applis/emibios_testcase/master/clean_conf/CHECKED/osm_param-output.csv with value 9
osmose[warning] - Osmose will ignore parameter output.diet.stage.threshold.sp10 in file /home/nbarrier/Modeles/osmose/git-applis/emibios_testcase/master/clean_conf/CHECKED/osm_param-output.csv with value null
osmose[info] -   Loading parameters from file /home/nbarrier/Modeles/osmose/git-applis/emibios_testcase/master/clean_conf/CHECKED/osm_param-movement.csv
osmose[info] -   Loading parameters from file /home/nbarrier/Modeles/osmose/git-applis/emibios_testcase/master/clean_conf/CHECKED/osm_param-fishing.csv
osmose[info] -   Loading parameters from file /home/nbarrier/Modeles/osmose/git-applis/emibios_testcase/master/clean_conf/CHECKED/osm_param-natural-mortality.csv
osmose[info] -   Loading parameters from file /home/nbarrier/Modeles/osmose/git-applis/emibios_testcase/master/clean_conf/CHECKED/osm_param-predation.csv
osmose[info] -   Loading parameters from file /home/nbarrier/Modeles/osmose/git-applis/emibios_testcase/master/clean_conf/CHECKED/osm_param-starvation.csv
osmose[info] -   Loading parameters from file /home/nbarrier/Modeles/osmose/git-applis/emibios_testcase/master/clean_conf/CHECKED/osm_param-reproduction.csv
osmose[info] -   Loading parameters from file /home/nbarrier/Modeles/osmose/git-applis/emibios_testcase/master/clean_conf/osm_param-species.csv
osmose[info] -   Loading parameters from file /home/nbarrier/Modeles/osmose/git-applis/emibios_testcase/master/clean_conf/CHECKED/osm_param-ltl.csv
osmose[info] -   Loading parameters from file /home/nbarrier/Modeles/osmose/git-applis/emibios_testcase/master/clean_conf/osm_param-grid.csv
osmose[info] -   Loading parameters from file /home/nbarrier/Modeles/osmose/git-applis/emibios_testcase/master/clean_conf/osm_param-init-pop.csv
osmose[info] - Configuration version Osmose 3 Update 3 Release 3 (2018/11/28) matches Osmose version Osmose 3 Update 3 Release 3 (2018/11/28). Nothing to do.
osmose[info] - Output CSV separator set to COMA
osmose[info] - Grid: fr.ird.osmose.grid.OriginalGrid
osmose[info] - Simulation started...
  simulation#0[info] - Started...
  simulation#0[info] - LTLForcing: fr.ird.osmose.ltl.LTLFastForcing
  simulation#0[info] - Loading plankton data...
SLF4J: Failed to load class "org.slf4j.impl.StaticLoggerBinder".
SLF4J: Defaulting to no-operation (NOP) logger implementation
SLF4J: See http://www.slf4j.org/codes.html#StaticLoggerBinder for further details.
  simulation#0[info] - Mortality algorithm set to STOCHASTIC
  simulation#0[info] - Mortality subdt set to 10
  simulation#0[warning] - Time serie in file /home/nbarrier/Modeles/osmose/git-applis/emibios_testcase/master/clean_conf/reproduction-seasonality-sp0.csv only contains 24 steps out of 240. Osmose will loop over it.
  simulation#0[warning] - Time serie in file /home/nbarrier/Modeles/osmose/git-applis/emibios_testcase/master/clean_conf/reproduction-seasonality-sp1.csv only contains 24 steps out of 240. Osmose will loop over it.
  simulation#0[warning] - Time serie in file /home/nbarrier/Modeles/osmose/git-applis/emibios_testcase/master/clean_conf/reproduction-seasonality-sp2.csv only contains 24 steps out of 240. Osmose will loop over it.
  simulation#0[warning] - Time serie in file /home/nbarrier/Modeles/osmose/git-applis/emibios_testcase/master/clean_conf/reproduction-seasonality-sp3.csv only contains 24 steps out of 240. Osmose will loop over it.
  simulation#0[warning] - Time serie in file /home/nbarrier/Modeles/osmose/git-applis/emibios_testcase/master/clean_conf/reproduction-seasonality-sp4.csv only contains 24 steps out of 240. Osmose will loop over it.
  simulation#0[warning] - Time serie in file /home/nbarrier/Modeles/osmose/git-applis/emibios_testcase/master/clean_conf/reproduction-seasonality-sp5.csv only contains 24 steps out of 240. Osmose will loop over it.
  simulation#0[warning] - Time serie in file /home/nbarrier/Modeles/osmose/git-applis/emibios_testcase/master/clean_conf/reproduction-seasonality-sp6.csv only contains 24 steps out of 240. Osmose will loop over it.
  simulation#0[warning] - Time serie in file /home/nbarrier/Modeles/osmose/git-applis/emibios_testcase/master/clean_conf/reproduction-seasonality-sp7.csv only contains 24 steps out of 240. Osmose will loop over it.
  simulation#0[warning] - Time serie in file /home/nbarrier/Modeles/osmose/git-applis/emibios_testcase/master/clean_conf/reproduction-seasonality-sp8.csv only contains 24 steps out of 240. Osmose will loop over it.
  simulation#0[warning] - Time serie in file /home/nbarrier/Modeles/osmose/git-applis/emibios_testcase/master/clean_conf/reproduction-seasonality-sp9.csv only contains 24 steps out of 240. Osmose will loop over it.
  simulation#0[warning] - Time serie in file /home/nbarrier/Modeles/osmose/git-applis/emibios_testcase/master/clean_conf/reproduction-seasonality-sp10.csv only contains 24 steps out of 240. Osmose will loop over it.
  simulation#0[info] - year 0
  simulation#0[info] - year 1
  simulation#0[info] - year 2
  simulation#0[info] - year 3
