osmose[info] - *********************************
osmose[info] - Osmose model - Copyright 2013 IRD
osmose[info] - *********************************
osmose[info] - Osmose version Osmose 3 Update 3 Release 3 (2018/11/28)
osmose[info] - Running configuration /home/nbarrier/Modeles/osmose/git-applis/osmose/inst/extdata/gog_v4/osm_all-parameters.csv
+++++++++++++++++++ /home/nbarrier/Modeles/osmose/git-applis/osmose/inst/extdata/gog_v4/osm_all-parameters.csv, /home/nbarrier/Modeles/osmose/git-applis/osmose/inst/extdata/gog_v4
osmose[info] - Loading parameters from file /home/nbarrier/Modeles/osmose/git-applis/osmose/inst/extdata/gog_v4/osm_all-parameters.csv
+++++++++++++++++++ osm_param-output.csv, /home/nbarrier/Modeles/osmose/git-applis/osmose/inst/extdata/gog_v4
osmose[info] -   Loading parameters from file /home/nbarrier/Modeles/osmose/git-applis/osmose/inst/extdata/gog_v4/osm_param-output.csv
osmose[warning] - Parameter output.diet.stage.threshold.sp10 has already been defined in file /home/nbarrier/Modeles/osmose/git-applis/osmose/inst/extdata/gog_v4/osm_param-output.csv with value 9
osmose[warning] - Osmose will ignore parameter output.diet.stage.threshold.sp10 in file /home/nbarrier/Modeles/osmose/git-applis/osmose/inst/extdata/gog_v4/osm_param-output.csv with value null
+++++++++++++++++++ osm_param-movement.csv, /home/nbarrier/Modeles/osmose/git-applis/osmose/inst/extdata/gog_v4
osmose[info] -   Loading parameters from file /home/nbarrier/Modeles/osmose/git-applis/osmose/inst/extdata/gog_v4/osm_param-movement.csv
+++++++++++++++++++ osm_param-fishing.csv, /home/nbarrier/Modeles/osmose/git-applis/osmose/inst/extdata/gog_v4
osmose[info] -   Loading parameters from file /home/nbarrier/Modeles/osmose/git-applis/osmose/inst/extdata/gog_v4/osm_param-fishing.csv
+++++++++++++++++++ osm_param-natural-mortality.csv, /home/nbarrier/Modeles/osmose/git-applis/osmose/inst/extdata/gog_v4
osmose[info] -   Loading parameters from file /home/nbarrier/Modeles/osmose/git-applis/osmose/inst/extdata/gog_v4/osm_param-natural-mortality.csv
+++++++++++++++++++ osm_param-predation.csv, /home/nbarrier/Modeles/osmose/git-applis/osmose/inst/extdata/gog_v4
osmose[info] -   Loading parameters from file /home/nbarrier/Modeles/osmose/git-applis/osmose/inst/extdata/gog_v4/osm_param-predation.csv
+++++++++++++++++++ osm_param-starvation.csv, /home/nbarrier/Modeles/osmose/git-applis/osmose/inst/extdata/gog_v4
osmose[info] -   Loading parameters from file /home/nbarrier/Modeles/osmose/git-applis/osmose/inst/extdata/gog_v4/osm_param-starvation.csv
+++++++++++++++++++ osm_param-reproduction.csv, /home/nbarrier/Modeles/osmose/git-applis/osmose/inst/extdata/gog_v4
osmose[info] -   Loading parameters from file /home/nbarrier/Modeles/osmose/git-applis/osmose/inst/extdata/gog_v4/osm_param-reproduction.csv
+++++++++++++++++++ osm_param-species.csv, /home/nbarrier/Modeles/osmose/git-applis/osmose/inst/extdata/gog_v4
osmose[info] -   Loading parameters from file /home/nbarrier/Modeles/osmose/git-applis/osmose/inst/extdata/gog_v4/osm_param-species.csv
+++++++++++++++++++ osm_param-ltl.csv, /home/nbarrier/Modeles/osmose/git-applis/osmose/inst/extdata/gog_v4
osmose[info] -   Loading parameters from file /home/nbarrier/Modeles/osmose/git-applis/osmose/inst/extdata/gog_v4/osm_param-ltl.csv
+++++++++++++++++++ osm_param-grid.csv, /home/nbarrier/Modeles/osmose/git-applis/osmose/inst/extdata/gog_v4
osmose[info] -   Loading parameters from file /home/nbarrier/Modeles/osmose/git-applis/osmose/inst/extdata/gog_v4/osm_param-grid.csv
+++++++++++++++++++ osm_param-init-pop.csv, /home/nbarrier/Modeles/osmose/git-applis/osmose/inst/extdata/gog_v4
osmose[info] -   Loading parameters from file /home/nbarrier/Modeles/osmose/git-applis/osmose/inst/extdata/gog_v4/osm_param-init-pop.csv
osmose[info] - Configuration version Osmose 3 Update 0 Release 0 (2013/09/01) is older than Osmose version Osmose 3 Update 3 Release 3 (2018/11/28). Your configuration file will be automatically updated.
osmose[info] - Updating configuration file to Osmose 3 Update 1 Release 0 (2014/06/01)...
osmose[info] -   Did not rename simulation.restart.recordfrequency.ndt into output.restart.recordfrequency.ndt as it is not defined in your configuration.
osmose[info] -   Did not rename simulation.restart.spinup into output.restart.spinup as it is not defined in your configuration.
osmose[info] -   Did not rename output.size.spectrum.enabled into output.abundance.bySize.enabled as it is already defined in file/home/nbarrier/Modeles/osmose/git-applis/osmose/inst/extdata/gog_v4/osm_param-output.csv
osmose[info] -   Did not rename output.size.spectrum.size.min into output.distrib.bySize.min as it is not defined in your configuration.
osmose[info] -   Did not rename output.size.spectrum.size.max into output.distrib.bySize.max as it is already defined in file/home/nbarrier/Modeles/osmose/git-applis/osmose/inst/extdata/gog_v4/osm_param-output.csv
osmose[info] -   Did not rename output.size.spectrum.size.range into output.distrib.bySize.incr as it is already defined in file/home/nbarrier/Modeles/osmose/git-applis/osmose/inst/extdata/gog_v4/osm_param-output.csv
osmose[info] -   Did not rename output.TL.perAge.enabled into output.meanTL.byAge.enabled as it is already defined in file/home/nbarrier/Modeles/osmose/git-applis/osmose/inst/extdata/gog_v4/osm_param-output.csv
osmose[info] -   Did not rename output.TL.perSize.enabled into output.meanTL.bySize.enabled as it is already defined in file/home/nbarrier/Modeles/osmose/git-applis/osmose/inst/extdata/gog_v4/osm_param-output.csv
osmose[info] -   Did not rename output.TL.spectrum.enabled into output.biomass.byTL.enabled as it is already defined in file/home/nbarrier/Modeles/osmose/git-applis/osmose/inst/extdata/gog_v4/osm_param-output.csv
osmose[info] -   Updated parameter osmose.version to Osmose 3 Update 1 Release 0 (2014/06/01) (/home/nbarrier/Modeles/osmose/git-applis/osmose/inst/extdata/gog_v4/osm_all-parameters.csv)
osmose[info] - Reloading parameters...
+++++++++++++++++++ /home/nbarrier/Modeles/osmose/git-applis/osmose/inst/extdata/gog_v4/osm_all-parameters.csv, /home/nbarrier/Modeles/osmose/git-applis/osmose/inst/extdata/gog_v4
osmose[info] - Loading parameters from file /home/nbarrier/Modeles/osmose/git-applis/osmose/inst/extdata/gog_v4/osm_all-parameters.csv
+++++++++++++++++++ osm_param-output.csv, /home/nbarrier/Modeles/osmose/git-applis/osmose/inst/extdata/gog_v4
osmose[info] -   Loading parameters from file /home/nbarrier/Modeles/osmose/git-applis/osmose/inst/extdata/gog_v4/osm_param-output.csv
osmose[warning] - Parameter output.diet.stage.threshold.sp10 has already been defined in file /home/nbarrier/Modeles/osmose/git-applis/osmose/inst/extdata/gog_v4/osm_param-output.csv with value 9
osmose[warning] - Osmose will ignore parameter output.diet.stage.threshold.sp10 in file /home/nbarrier/Modeles/osmose/git-applis/osmose/inst/extdata/gog_v4/osm_param-output.csv with value null
+++++++++++++++++++ osm_param-movement.csv, /home/nbarrier/Modeles/osmose/git-applis/osmose/inst/extdata/gog_v4
osmose[info] -   Loading parameters from file /home/nbarrier/Modeles/osmose/git-applis/osmose/inst/extdata/gog_v4/osm_param-movement.csv
+++++++++++++++++++ osm_param-fishing.csv, /home/nbarrier/Modeles/osmose/git-applis/osmose/inst/extdata/gog_v4
osmose[info] -   Loading parameters from file /home/nbarrier/Modeles/osmose/git-applis/osmose/inst/extdata/gog_v4/osm_param-fishing.csv
+++++++++++++++++++ osm_param-natural-mortality.csv, /home/nbarrier/Modeles/osmose/git-applis/osmose/inst/extdata/gog_v4
osmose[info] -   Loading parameters from file /home/nbarrier/Modeles/osmose/git-applis/osmose/inst/extdata/gog_v4/osm_param-natural-mortality.csv
+++++++++++++++++++ osm_param-predation.csv, /home/nbarrier/Modeles/osmose/git-applis/osmose/inst/extdata/gog_v4
osmose[info] -   Loading parameters from file /home/nbarrier/Modeles/osmose/git-applis/osmose/inst/extdata/gog_v4/osm_param-predation.csv
+++++++++++++++++++ osm_param-starvation.csv, /home/nbarrier/Modeles/osmose/git-applis/osmose/inst/extdata/gog_v4
osmose[info] -   Loading parameters from file /home/nbarrier/Modeles/osmose/git-applis/osmose/inst/extdata/gog_v4/osm_param-starvation.csv
+++++++++++++++++++ osm_param-reproduction.csv, /home/nbarrier/Modeles/osmose/git-applis/osmose/inst/extdata/gog_v4
osmose[info] -   Loading parameters from file /home/nbarrier/Modeles/osmose/git-applis/osmose/inst/extdata/gog_v4/osm_param-reproduction.csv
+++++++++++++++++++ osm_param-species.csv, /home/nbarrier/Modeles/osmose/git-applis/osmose/inst/extdata/gog_v4
osmose[info] -   Loading parameters from file /home/nbarrier/Modeles/osmose/git-applis/osmose/inst/extdata/gog_v4/osm_param-species.csv
+++++++++++++++++++ osm_param-ltl.csv, /home/nbarrier/Modeles/osmose/git-applis/osmose/inst/extdata/gog_v4
osmose[info] -   Loading parameters from file /home/nbarrier/Modeles/osmose/git-applis/osmose/inst/extdata/gog_v4/osm_param-ltl.csv
+++++++++++++++++++ osm_param-grid.csv, /home/nbarrier/Modeles/osmose/git-applis/osmose/inst/extdata/gog_v4
osmose[info] -   Loading parameters from file /home/nbarrier/Modeles/osmose/git-applis/osmose/inst/extdata/gog_v4/osm_param-grid.csv
+++++++++++++++++++ osm_param-init-pop.csv, /home/nbarrier/Modeles/osmose/git-applis/osmose/inst/extdata/gog_v4
osmose[info] -   Loading parameters from file /home/nbarrier/Modeles/osmose/git-applis/osmose/inst/extdata/gog_v4/osm_param-init-pop.csv
osmose[info] - Updating configuration file to Osmose 3 Update 2 Release 0 (2015/03/01)...
osmose[info] -   Did not rename population.initialization.biomass.sp0 into population.seeding.biomass.sp0 as it is already defined in file/home/nbarrier/Modeles/osmose/git-applis/osmose/inst/extdata/gog_v4/osm_param-init-pop.csv
osmose[info] -   Did not rename population.initialization.biomass.sp1 into population.seeding.biomass.sp1 as it is already defined in file/home/nbarrier/Modeles/osmose/git-applis/osmose/inst/extdata/gog_v4/osm_param-init-pop.csv
osmose[info] -   Did not rename population.initialization.biomass.sp2 into population.seeding.biomass.sp2 as it is already defined in file/home/nbarrier/Modeles/osmose/git-applis/osmose/inst/extdata/gog_v4/osm_param-init-pop.csv
osmose[info] -   Did not rename population.initialization.biomass.sp3 into population.seeding.biomass.sp3 as it is already defined in file/home/nbarrier/Modeles/osmose/git-applis/osmose/inst/extdata/gog_v4/osm_param-init-pop.csv
osmose[info] -   Did not rename population.initialization.biomass.sp4 into population.seeding.biomass.sp4 as it is already defined in file/home/nbarrier/Modeles/osmose/git-applis/osmose/inst/extdata/gog_v4/osm_param-init-pop.csv
osmose[info] -   Did not rename population.initialization.biomass.sp5 into population.seeding.biomass.sp5 as it is already defined in file/home/nbarrier/Modeles/osmose/git-applis/osmose/inst/extdata/gog_v4/osm_param-init-pop.csv
osmose[info] -   Did not rename population.initialization.biomass.sp6 into population.seeding.biomass.sp6 as it is already defined in file/home/nbarrier/Modeles/osmose/git-applis/osmose/inst/extdata/gog_v4/osm_param-init-pop.csv
osmose[info] -   Did not rename population.initialization.biomass.sp7 into population.seeding.biomass.sp7 as it is already defined in file/home/nbarrier/Modeles/osmose/git-applis/osmose/inst/extdata/gog_v4/osm_param-init-pop.csv
osmose[info] -   Did not rename population.initialization.biomass.sp8 into population.seeding.biomass.sp8 as it is already defined in file/home/nbarrier/Modeles/osmose/git-applis/osmose/inst/extdata/gog_v4/osm_param-init-pop.csv
osmose[info] -   Did not rename population.initialization.biomass.sp9 into population.seeding.biomass.sp9 as it is already defined in file/home/nbarrier/Modeles/osmose/git-applis/osmose/inst/extdata/gog_v4/osm_param-init-pop.csv
osmose[info] -   Did not rename population.initialization.biomass.sp10 into population.seeding.biomass.sp10 as it is already defined in file/home/nbarrier/Modeles/osmose/git-applis/osmose/inst/extdata/gog_v4/osm_param-init-pop.csv
osmose[info] -   Updated parameter osmose.version to Osmose 3 Update 2 Release 0 (2015/03/01) (/home/nbarrier/Modeles/osmose/git-applis/osmose/inst/extdata/gog_v4/osm_all-parameters.csv)
osmose[info] - Reloading parameters...
+++++++++++++++++++ /home/nbarrier/Modeles/osmose/git-applis/osmose/inst/extdata/gog_v4/osm_all-parameters.csv, /home/nbarrier/Modeles/osmose/git-applis/osmose/inst/extdata/gog_v4
osmose[info] - Loading parameters from file /home/nbarrier/Modeles/osmose/git-applis/osmose/inst/extdata/gog_v4/osm_all-parameters.csv
+++++++++++++++++++ osm_param-output.csv, /home/nbarrier/Modeles/osmose/git-applis/osmose/inst/extdata/gog_v4
osmose[info] -   Loading parameters from file /home/nbarrier/Modeles/osmose/git-applis/osmose/inst/extdata/gog_v4/osm_param-output.csv
osmose[warning] - Parameter output.diet.stage.threshold.sp10 has already been defined in file /home/nbarrier/Modeles/osmose/git-applis/osmose/inst/extdata/gog_v4/osm_param-output.csv with value 9
osmose[warning] - Osmose will ignore parameter output.diet.stage.threshold.sp10 in file /home/nbarrier/Modeles/osmose/git-applis/osmose/inst/extdata/gog_v4/osm_param-output.csv with value null
+++++++++++++++++++ osm_param-movement.csv, /home/nbarrier/Modeles/osmose/git-applis/osmose/inst/extdata/gog_v4
osmose[info] -   Loading parameters from file /home/nbarrier/Modeles/osmose/git-applis/osmose/inst/extdata/gog_v4/osm_param-movement.csv
+++++++++++++++++++ osm_param-fishing.csv, /home/nbarrier/Modeles/osmose/git-applis/osmose/inst/extdata/gog_v4
osmose[info] -   Loading parameters from file /home/nbarrier/Modeles/osmose/git-applis/osmose/inst/extdata/gog_v4/osm_param-fishing.csv
+++++++++++++++++++ osm_param-natural-mortality.csv, /home/nbarrier/Modeles/osmose/git-applis/osmose/inst/extdata/gog_v4
osmose[info] -   Loading parameters from file /home/nbarrier/Modeles/osmose/git-applis/osmose/inst/extdata/gog_v4/osm_param-natural-mortality.csv
+++++++++++++++++++ osm_param-predation.csv, /home/nbarrier/Modeles/osmose/git-applis/osmose/inst/extdata/gog_v4
osmose[info] -   Loading parameters from file /home/nbarrier/Modeles/osmose/git-applis/osmose/inst/extdata/gog_v4/osm_param-predation.csv
+++++++++++++++++++ osm_param-starvation.csv, /home/nbarrier/Modeles/osmose/git-applis/osmose/inst/extdata/gog_v4
osmose[info] -   Loading parameters from file /home/nbarrier/Modeles/osmose/git-applis/osmose/inst/extdata/gog_v4/osm_param-starvation.csv
+++++++++++++++++++ osm_param-reproduction.csv, /home/nbarrier/Modeles/osmose/git-applis/osmose/inst/extdata/gog_v4
osmose[info] -   Loading parameters from file /home/nbarrier/Modeles/osmose/git-applis/osmose/inst/extdata/gog_v4/osm_param-reproduction.csv
+++++++++++++++++++ osm_param-species.csv, /home/nbarrier/Modeles/osmose/git-applis/osmose/inst/extdata/gog_v4
osmose[info] -   Loading parameters from file /home/nbarrier/Modeles/osmose/git-applis/osmose/inst/extdata/gog_v4/osm_param-species.csv
+++++++++++++++++++ osm_param-ltl.csv, /home/nbarrier/Modeles/osmose/git-applis/osmose/inst/extdata/gog_v4
osmose[info] -   Loading parameters from file /home/nbarrier/Modeles/osmose/git-applis/osmose/inst/extdata/gog_v4/osm_param-ltl.csv
+++++++++++++++++++ osm_param-grid.csv, /home/nbarrier/Modeles/osmose/git-applis/osmose/inst/extdata/gog_v4
osmose[info] -   Loading parameters from file /home/nbarrier/Modeles/osmose/git-applis/osmose/inst/extdata/gog_v4/osm_param-grid.csv
+++++++++++++++++++ osm_param-init-pop.csv, /home/nbarrier/Modeles/osmose/git-applis/osmose/inst/extdata/gog_v4
osmose[info] -   Loading parameters from file /home/nbarrier/Modeles/osmose/git-applis/osmose/inst/extdata/gog_v4/osm_param-init-pop.csv
osmose[info] - Updating configuration file to Osmose 3 Update 3 Release 0 (2018/01/15)...
osmose[info] -   Updated parameter osmose.version to Osmose 3 Update 3 Release 0 (2018/01/15) (/home/nbarrier/Modeles/osmose/git-applis/osmose/inst/extdata/gog_v4/osm_all-parameters.csv)
osmose[info] - Reloading parameters...
+++++++++++++++++++ /home/nbarrier/Modeles/osmose/git-applis/osmose/inst/extdata/gog_v4/osm_all-parameters.csv, /home/nbarrier/Modeles/osmose/git-applis/osmose/inst/extdata/gog_v4
osmose[info] - Loading parameters from file /home/nbarrier/Modeles/osmose/git-applis/osmose/inst/extdata/gog_v4/osm_all-parameters.csv
+++++++++++++++++++ osm_param-output.csv, /home/nbarrier/Modeles/osmose/git-applis/osmose/inst/extdata/gog_v4
osmose[info] -   Loading parameters from file /home/nbarrier/Modeles/osmose/git-applis/osmose/inst/extdata/gog_v4/osm_param-output.csv
osmose[warning] - Parameter output.diet.stage.threshold.sp10 has already been defined in file /home/nbarrier/Modeles/osmose/git-applis/osmose/inst/extdata/gog_v4/osm_param-output.csv with value 9
osmose[warning] - Osmose will ignore parameter output.diet.stage.threshold.sp10 in file /home/nbarrier/Modeles/osmose/git-applis/osmose/inst/extdata/gog_v4/osm_param-output.csv with value null
+++++++++++++++++++ osm_param-movement.csv, /home/nbarrier/Modeles/osmose/git-applis/osmose/inst/extdata/gog_v4
osmose[info] -   Loading parameters from file /home/nbarrier/Modeles/osmose/git-applis/osmose/inst/extdata/gog_v4/osm_param-movement.csv
+++++++++++++++++++ osm_param-fishing.csv, /home/nbarrier/Modeles/osmose/git-applis/osmose/inst/extdata/gog_v4
osmose[info] -   Loading parameters from file /home/nbarrier/Modeles/osmose/git-applis/osmose/inst/extdata/gog_v4/osm_param-fishing.csv
+++++++++++++++++++ osm_param-natural-mortality.csv, /home/nbarrier/Modeles/osmose/git-applis/osmose/inst/extdata/gog_v4
osmose[info] -   Loading parameters from file /home/nbarrier/Modeles/osmose/git-applis/osmose/inst/extdata/gog_v4/osm_param-natural-mortality.csv
+++++++++++++++++++ osm_param-predation.csv, /home/nbarrier/Modeles/osmose/git-applis/osmose/inst/extdata/gog_v4
osmose[info] -   Loading parameters from file /home/nbarrier/Modeles/osmose/git-applis/osmose/inst/extdata/gog_v4/osm_param-predation.csv
+++++++++++++++++++ osm_param-starvation.csv, /home/nbarrier/Modeles/osmose/git-applis/osmose/inst/extdata/gog_v4
osmose[info] -   Loading parameters from file /home/nbarrier/Modeles/osmose/git-applis/osmose/inst/extdata/gog_v4/osm_param-starvation.csv
+++++++++++++++++++ osm_param-reproduction.csv, /home/nbarrier/Modeles/osmose/git-applis/osmose/inst/extdata/gog_v4
osmose[info] -   Loading parameters from file /home/nbarrier/Modeles/osmose/git-applis/osmose/inst/extdata/gog_v4/osm_param-reproduction.csv
+++++++++++++++++++ osm_param-species.csv, /home/nbarrier/Modeles/osmose/git-applis/osmose/inst/extdata/gog_v4
osmose[info] -   Loading parameters from file /home/nbarrier/Modeles/osmose/git-applis/osmose/inst/extdata/gog_v4/osm_param-species.csv
+++++++++++++++++++ osm_param-ltl.csv, /home/nbarrier/Modeles/osmose/git-applis/osmose/inst/extdata/gog_v4
osmose[info] -   Loading parameters from file /home/nbarrier/Modeles/osmose/git-applis/osmose/inst/extdata/gog_v4/osm_param-ltl.csv
+++++++++++++++++++ osm_param-grid.csv, /home/nbarrier/Modeles/osmose/git-applis/osmose/inst/extdata/gog_v4
osmose[info] -   Loading parameters from file /home/nbarrier/Modeles/osmose/git-applis/osmose/inst/extdata/gog_v4/osm_param-grid.csv
+++++++++++++++++++ osm_param-init-pop.csv, /home/nbarrier/Modeles/osmose/git-applis/osmose/inst/extdata/gog_v4
osmose[info] -   Loading parameters from file /home/nbarrier/Modeles/osmose/git-applis/osmose/inst/extdata/gog_v4/osm_param-init-pop.csv
osmose[info] - Updating configuration file to Osmose 3 Update 3 Release 3 (2018/11/28)...
osmose[info] -   Did not rename grid.ncolumn into grid.nlon as it is already defined in file/home/nbarrier/Modeles/osmose/git-applis/osmose/inst/extdata/gog_v4/osm_param-grid.csv
osmose[info] -   Did not rename grid.nline into grid.nlat as it is already defined in file/home/nbarrier/Modeles/osmose/git-applis/osmose/inst/extdata/gog_v4/osm_param-grid.csv
osmose[info] -   Updated parameter osmose.version to Osmose 3 Update 3 Release 3 (2018/11/28) (/home/nbarrier/Modeles/osmose/git-applis/osmose/inst/extdata/gog_v4/osm_all-parameters.csv)
osmose[info] - Reloading parameters...
+++++++++++++++++++ /home/nbarrier/Modeles/osmose/git-applis/osmose/inst/extdata/gog_v4/osm_all-parameters.csv, /home/nbarrier/Modeles/osmose/git-applis/osmose/inst/extdata/gog_v4
osmose[info] - Loading parameters from file /home/nbarrier/Modeles/osmose/git-applis/osmose/inst/extdata/gog_v4/osm_all-parameters.csv
+++++++++++++++++++ osm_param-output.csv, /home/nbarrier/Modeles/osmose/git-applis/osmose/inst/extdata/gog_v4
osmose[info] -   Loading parameters from file /home/nbarrier/Modeles/osmose/git-applis/osmose/inst/extdata/gog_v4/osm_param-output.csv
osmose[warning] - Parameter output.diet.stage.threshold.sp10 has already been defined in file /home/nbarrier/Modeles/osmose/git-applis/osmose/inst/extdata/gog_v4/osm_param-output.csv with value 9
osmose[warning] - Osmose will ignore parameter output.diet.stage.threshold.sp10 in file /home/nbarrier/Modeles/osmose/git-applis/osmose/inst/extdata/gog_v4/osm_param-output.csv with value null
+++++++++++++++++++ osm_param-movement.csv, /home/nbarrier/Modeles/osmose/git-applis/osmose/inst/extdata/gog_v4
osmose[info] -   Loading parameters from file /home/nbarrier/Modeles/osmose/git-applis/osmose/inst/extdata/gog_v4/osm_param-movement.csv
+++++++++++++++++++ osm_param-fishing.csv, /home/nbarrier/Modeles/osmose/git-applis/osmose/inst/extdata/gog_v4
osmose[info] -   Loading parameters from file /home/nbarrier/Modeles/osmose/git-applis/osmose/inst/extdata/gog_v4/osm_param-fishing.csv
+++++++++++++++++++ osm_param-natural-mortality.csv, /home/nbarrier/Modeles/osmose/git-applis/osmose/inst/extdata/gog_v4
osmose[info] -   Loading parameters from file /home/nbarrier/Modeles/osmose/git-applis/osmose/inst/extdata/gog_v4/osm_param-natural-mortality.csv
+++++++++++++++++++ osm_param-predation.csv, /home/nbarrier/Modeles/osmose/git-applis/osmose/inst/extdata/gog_v4
osmose[info] -   Loading parameters from file /home/nbarrier/Modeles/osmose/git-applis/osmose/inst/extdata/gog_v4/osm_param-predation.csv
+++++++++++++++++++ osm_param-starvation.csv, /home/nbarrier/Modeles/osmose/git-applis/osmose/inst/extdata/gog_v4
osmose[info] -   Loading parameters from file /home/nbarrier/Modeles/osmose/git-applis/osmose/inst/extdata/gog_v4/osm_param-starvation.csv
+++++++++++++++++++ osm_param-reproduction.csv, /home/nbarrier/Modeles/osmose/git-applis/osmose/inst/extdata/gog_v4
osmose[info] -   Loading parameters from file /home/nbarrier/Modeles/osmose/git-applis/osmose/inst/extdata/gog_v4/osm_param-reproduction.csv
+++++++++++++++++++ osm_param-species.csv, /home/nbarrier/Modeles/osmose/git-applis/osmose/inst/extdata/gog_v4
osmose[info] -   Loading parameters from file /home/nbarrier/Modeles/osmose/git-applis/osmose/inst/extdata/gog_v4/osm_param-species.csv
+++++++++++++++++++ osm_param-ltl.csv, /home/nbarrier/Modeles/osmose/git-applis/osmose/inst/extdata/gog_v4
osmose[info] -   Loading parameters from file /home/nbarrier/Modeles/osmose/git-applis/osmose/inst/extdata/gog_v4/osm_param-ltl.csv
+++++++++++++++++++ osm_param-grid.csv, /home/nbarrier/Modeles/osmose/git-applis/osmose/inst/extdata/gog_v4
osmose[info] -   Loading parameters from file /home/nbarrier/Modeles/osmose/git-applis/osmose/inst/extdata/gog_v4/osm_param-grid.csv
+++++++++++++++++++ osm_param-init-pop.csv, /home/nbarrier/Modeles/osmose/git-applis/osmose/inst/extdata/gog_v4
osmose[info] -   Loading parameters from file /home/nbarrier/Modeles/osmose/git-applis/osmose/inst/extdata/gog_v4/osm_param-init-pop.csv
+++++++++++++++++++ output, /home/nbarrier/Modeles/osmose/git-applis/osmose/inst/extdata/gog_v4
osmose[info] - Output CSV separator set to COMA
osmose[info] - Grid: fr.ird.osmose.grid.OriginalGrid
